01/01/2016 12:30:28 : INFO  : com.ags.eiq.logging.Log4J : Successfully loaded log4j properties file 
01/01/2016 12:30:28 : INFO  : com.ags.eiq.configuration.ConfigProperties : Fetching the value from the Configuration file with key 'orFilepath' and the result is './objectrepository/ObjectRepository.xml' 
01/01/2016 12:30:28 : INFO  : com.ags.eiq.utils.XMLReader : Started reading of the xml file: ./objectrepository/ObjectRepository.xml 
01/01/2016 12:30:28 : INFO  : com.ags.eiq.utils.XMLReader : Completed reading of the xml file: ./objectrepository/ObjectRepository.xml 
01/01/2016 12:30:28 : INFO  : com.ags.eiq.configuration.ConfigProperties : Fetching the value from the Configuration file with key 'browsertype' and the result is 'chrome' 
01/01/2016 12:30:28 : INFO  : com.ags.eiq.webdriver.WebDriverEngine : Creating an instance of Chrome driver 
01/01/2016 12:30:28 : INFO  : com.ags.eiq.configuration.ConfigProperties : Fetching the value from the Configuration file with key 'chromedriverpath' and the result is './lib/chromedriver.exe' 
01/01/2016 12:30:31 : INFO  : com.ags.eiq.configuration.ConfigProperties : Fetching the value from the Configuration file with key 'testDataFilePath' and the result is './testdata/testdata.xls' 
01/01/2016 12:30:31 : INFO  : com.ags.eiq.utils.ExcelReader : Reading tests from sheet [Login] 
01/01/2016 12:30:31 : INFO  : com.ags.eiq.utils.ExcelReader : Completed reading tests from sheet [Login] 
01/01/2016 12:30:31 : INFO  : com.ags.eiq.fixtures.BrowserActions : Executing command: [open] for url [http://www.google.com] 
01/01/2016 12:30:32 : INFO  : com.ags.eiq.fixtures.BrowserActions : Executing command: [windowMaximize] 
01/01/2016 12:30:33 : INFO  : com.ags.eiq.configuration.ConfigProperties : Fetching the value from the Configuration file with key 'browsertype' and the result is 'chrome' 
01/01/2016 12:30:33 : INFO  : com.ags.eiq.configuration.ConfigProperties : Fetching the value from the Configuration file with key 'testDataFilePath' and the result is './testdata/testdata.xls' 
01/01/2016 12:30:33 : INFO  : com.ags.eiq.utils.ExcelReader : Reading tests from sheet [Drilldown] 
01/01/2016 12:30:33 : INFO  : com.ags.eiq.utils.ExcelReader : Completed reading tests from sheet [Drilldown] 
01/01/2016 12:30:36 : INFO  : com.ags.eiq.configuration.ConfigProperties : Fetching the value from the Configuration file with key 'elementwaitime' and the result is '2000' 
01/01/2016 12:30:36 : INFO  : com.ags.eiq.fixtures.WaitActions : Executing command [waitForElementPresent] with timeout [2000], Element [lnk_Incidents] 
01/01/2016 12:30:36 : INFO  : com.ags.eiq.objectrepository.FetchOR : Fetched the identifier value with the object name 'lnk_Incidents' and the value is '//li[@id='incidentsalerts']/div/span[text()='Incidents']
			' 
01/01/2016 12:30:36 : ERROR : com.ags.eiq.objectrepository.ObjectFinder : Element [//li[@id='incidentsalerts']/div/span[text()='Incidents']
			]not found 
01/01/2016 12:30:36 : ERROR : com.ags.eiq.objectrepository.ObjectFinder : Element [//li[@id='incidentsalerts']/div/span[text()='Incidents']
			] Not Found! 
01/01/2016 12:30:38 : ERROR : com.ags.eiq.fixtures.WaitActions : Element [lnk_Incidents] not found after waiting for [2000ms]! 
01/01/2016 12:30:38 : ERROR : com.ags.eiq.fixtures.WaitActions : com.ags.eiq.exception.FrameworkException: Element [null] not found/displayed after waiting for [2000ms]! 
01/01/2016 12:30:38 : ERROR : com.ags.eiq.fixtures.WebActions : Element [lnk_Incidents] not found 
01/01/2016 12:30:38 : ERROR : com.ags.eiq.fixtures.WebActions : Exception:: 
com.ags.eiq.exception.FrameworkException: Element [lnk_Incidents] not found
	at com.ags.eiq.fixtures.WebActions.click(WebActions.java:69)
	at com.ags.eiq.pages.IncidentsFilterPage.clickIncidents(IncidentsFilterPage.java:73)
	at com.ags.eiq.stepdefinations.DrillDownFromIncidentsStepDefination.clickIncidentDateFilters(DrillDownFromIncidentsStepDefination.java:51)
	at sun.reflect.NativeMethodAccessorImpl.invoke0(Native Method)
	at sun.reflect.NativeMethodAccessorImpl.invoke(NativeMethodAccessorImpl.java:62)
	at sun.reflect.DelegatingMethodAccessorImpl.invoke(DelegatingMethodAccessorImpl.java:43)
	at java.lang.reflect.Method.invoke(Method.java:497)
	at cucumber.runtime.Utils$1.call(Utils.java:35)
	at cucumber.runtime.Timeout.timeout(Timeout.java:12)
	at cucumber.runtime.Utils.invoke(Utils.java:31)
	at cucumber.runtime.java.JavaStepDefinition.execute(JavaStepDefinition.java:35)
	at cucumber.runtime.StepDefinitionMatch.runStep(StepDefinitionMatch.java:38)
	at cucumber.runtime.Runtime.runStep(Runtime.java:289)
	at cucumber.runtime.model.StepContainer.runStep(StepContainer.java:44)
	at cucumber.runtime.model.StepContainer.runSteps(StepContainer.java:39)
	at cucumber.runtime.model.CucumberScenario.run(CucumberScenario.java:40)
	at cucumber.runtime.junit.ExecutionUnitRunner.run(ExecutionUnitRunner.java:83)
	at org.junit.runners.Suite.runChild(Suite.java:127)
	at org.junit.runners.Suite.runChild(Suite.java:26)
	at org.junit.runners.ParentRunner$3.run(ParentRunner.java:238)
	at org.junit.runners.ParentRunner$1.schedule(ParentRunner.java:63)
	at org.junit.runners.ParentRunner.runChildren(ParentRunner.java:236)
	at org.junit.runners.ParentRunner.access$000(ParentRunner.java:53)
	at org.junit.runners.ParentRunner$2.evaluate(ParentRunner.java:229)
	at org.junit.runners.ParentRunner.run(ParentRunner.java:309)
	at org.junit.runners.Suite.runChild(Suite.java:127)
	at org.junit.runners.Suite.runChild(Suite.java:26)
	at org.junit.runners.ParentRunner$3.run(ParentRunner.java:238)
	at org.junit.runners.ParentRunner$1.schedule(ParentRunner.java:63)
	at org.junit.runners.ParentRunner.runChildren(ParentRunner.java:236)
	at org.junit.runners.ParentRunner.access$000(ParentRunner.java:53)
	at org.junit.runners.ParentRunner$2.evaluate(ParentRunner.java:229)
	at org.junit.runners.ParentRunner.run(ParentRunner.java:309)
	at cucumber.runtime.junit.FeatureRunner.runChild(FeatureRunner.java:63)
	at cucumber.runtime.junit.FeatureRunner.runChild(FeatureRunner.java:18)
	at org.junit.runners.ParentRunner$3.run(ParentRunner.java:238)
	at org.junit.runners.ParentRunner$1.schedule(ParentRunner.java:63)
	at org.junit.runners.ParentRunner.runChildren(ParentRunner.java:236)
	at org.junit.runners.ParentRunner.access$000(ParentRunner.java:53)
	at org.junit.runners.ParentRunner$2.evaluate(ParentRunner.java:229)
	at org.junit.runners.ParentRunner.run(ParentRunner.java:309)
	at cucumber.runtime.junit.FeatureRunner.run(FeatureRunner.java:70)
	at cucumber.api.junit.Cucumber.runChild(Cucumber.java:82)
	at cucumber.api.junit.Cucumber.runChild(Cucumber.java:41)
	at org.junit.runners.ParentRunner$3.run(ParentRunner.java:238)
	at org.junit.runners.ParentRunner$1.schedule(ParentRunner.java:63)
	at org.junit.runners.ParentRunner.runChildren(ParentRunner.java:236)
	at org.junit.runners.ParentRunner.access$000(ParentRunner.java:53)
	at org.junit.runners.ParentRunner$2.evaluate(ParentRunner.java:229)
	at org.junit.internal.runners.statements.RunBefores.evaluate(RunBefores.java:26)
	at org.junit.internal.runners.statements.RunAfters.evaluate(RunAfters.java:27)
	at org.junit.runners.ParentRunner.run(ParentRunner.java:309)
	at cucumber.api.junit.Cucumber.run(Cucumber.java:87)
	at org.apache.maven.surefire.junit4.JUnit4Provider.execute(JUnit4Provider.java:252)
	at org.apache.maven.surefire.junit4.JUnit4Provider.executeTestSet(JUnit4Provider.java:141)
	at org.apache.maven.surefire.junit4.JUnit4Provider.invoke(JUnit4Provider.java:112)
	at sun.reflect.NativeMethodAccessorImpl.invoke0(Native Method)
	at sun.reflect.NativeMethodAccessorImpl.invoke(NativeMethodAccessorImpl.java:62)
	at sun.reflect.DelegatingMethodAccessorImpl.invoke(DelegatingMethodAccessorImpl.java:43)
	at java.lang.reflect.Method.invoke(Method.java:497)
	at org.apache.maven.surefire.util.ReflectionUtils.invokeMethodWithArray(ReflectionUtils.java:189)
	at org.apache.maven.surefire.booter.ProviderFactory$ProviderProxy.invoke(ProviderFactory.java:165)
	at org.apache.maven.surefire.booter.ProviderFactory.invokeProvider(ProviderFactory.java:85)
	at org.apache.maven.surefire.booter.ForkedBooter.runSuitesInProcess(ForkedBooter.java:115)
	at org.apache.maven.surefire.booter.ForkedBooter.main(ForkedBooter.java:75)
01/01/2016 12:30:38 : INFO  : com.ags.eiq.configuration.ConfigProperties : Fetching the value from the Configuration file with key 'testDataFilePath' and the result is './testdata/testdata.xls' 
01/01/2016 12:30:38 : INFO  : com.ags.eiq.utils.ExcelReader : Reading tests from sheet [Drilldown] 
01/01/2016 12:30:38 : INFO  : com.ags.eiq.utils.ExcelReader : Completed reading tests from sheet [Drilldown] 
01/01/2016 12:30:41 : INFO  : com.ags.eiq.configuration.ConfigProperties : Fetching the value from the Configuration file with key 'elementwaitime' and the result is '2000' 
01/01/2016 12:30:41 : INFO  : com.ags.eiq.fixtures.WaitActions : Executing command [waitForElementPresent] with timeout [2000], Element [lnk_Incidents] 
01/01/2016 12:30:41 : INFO  : com.ags.eiq.objectrepository.FetchOR : Fetched the identifier value with the object name 'lnk_Incidents' and the value is '//li[@id='incidentsalerts']/div/span[text()='Incidents']
			' 
01/01/2016 12:30:41 : ERROR : com.ags.eiq.objectrepository.ObjectFinder : Element [//li[@id='incidentsalerts']/div/span[text()='Incidents']
			]not found 
01/01/2016 12:30:41 : ERROR : com.ags.eiq.objectrepository.ObjectFinder : Element [//li[@id='incidentsalerts']/div/span[text()='Incidents']
			] Not Found! 
01/01/2016 12:30:43 : ERROR : com.ags.eiq.fixtures.WaitActions : Element [lnk_Incidents] not found after waiting for [2000ms]! 
01/01/2016 12:30:43 : ERROR : com.ags.eiq.fixtures.WaitActions : com.ags.eiq.exception.FrameworkException: Element [null] not found/displayed after waiting for [2000ms]! 
01/01/2016 12:30:43 : ERROR : com.ags.eiq.fixtures.WebActions : Element [lnk_Incidents] not found 
01/01/2016 12:30:43 : ERROR : com.ags.eiq.fixtures.WebActions : Exception:: 
com.ags.eiq.exception.FrameworkException: Element [lnk_Incidents] not found
	at com.ags.eiq.fixtures.WebActions.click(WebActions.java:69)
	at com.ags.eiq.pages.IncidentsFilterPage.clickIncidents(IncidentsFilterPage.java:73)
	at com.ags.eiq.stepdefinations.DrillDownFromIncidentsStepDefination.clickIncidentDateFilters(DrillDownFromIncidentsStepDefination.java:51)
	at sun.reflect.NativeMethodAccessorImpl.invoke0(Native Method)
	at sun.reflect.NativeMethodAccessorImpl.invoke(NativeMethodAccessorImpl.java:62)
	at sun.reflect.DelegatingMethodAccessorImpl.invoke(DelegatingMethodAccessorImpl.java:43)
	at java.lang.reflect.Method.invoke(Method.java:497)
	at cucumber.runtime.Utils$1.call(Utils.java:35)
	at cucumber.runtime.Timeout.timeout(Timeout.java:12)
	at cucumber.runtime.Utils.invoke(Utils.java:31)
	at cucumber.runtime.java.JavaStepDefinition.execute(JavaStepDefinition.java:35)
	at cucumber.runtime.StepDefinitionMatch.runStep(StepDefinitionMatch.java:38)
	at cucumber.runtime.Runtime.runStep(Runtime.java:289)
	at cucumber.runtime.model.StepContainer.runStep(StepContainer.java:44)
	at cucumber.runtime.model.StepContainer.runSteps(StepContainer.java:39)
	at cucumber.runtime.model.CucumberScenario.run(CucumberScenario.java:40)
	at cucumber.runtime.junit.ExecutionUnitRunner.run(ExecutionUnitRunner.java:83)
	at org.junit.runners.Suite.runChild(Suite.java:127)
	at org.junit.runners.Suite.runChild(Suite.java:26)
	at org.junit.runners.ParentRunner$3.run(ParentRunner.java:238)
	at org.junit.runners.ParentRunner$1.schedule(ParentRunner.java:63)
	at org.junit.runners.ParentRunner.runChildren(ParentRunner.java:236)
	at org.junit.runners.ParentRunner.access$000(ParentRunner.java:53)
	at org.junit.runners.ParentRunner$2.evaluate(ParentRunner.java:229)
	at org.junit.runners.ParentRunner.run(ParentRunner.java:309)
	at org.junit.runners.Suite.runChild(Suite.java:127)
	at org.junit.runners.Suite.runChild(Suite.java:26)
	at org.junit.runners.ParentRunner$3.run(ParentRunner.java:238)
	at org.junit.runners.ParentRunner$1.schedule(ParentRunner.java:63)
	at org.junit.runners.ParentRunner.runChildren(ParentRunner.java:236)
	at org.junit.runners.ParentRunner.access$000(ParentRunner.java:53)
	at org.junit.runners.ParentRunner$2.evaluate(ParentRunner.java:229)
	at org.junit.runners.ParentRunner.run(ParentRunner.java:309)
	at cucumber.runtime.junit.FeatureRunner.runChild(FeatureRunner.java:63)
	at cucumber.runtime.junit.FeatureRunner.runChild(FeatureRunner.java:18)
	at org.junit.runners.ParentRunner$3.run(ParentRunner.java:238)
	at org.junit.runners.ParentRunner$1.schedule(ParentRunner.java:63)
	at org.junit.runners.ParentRunner.runChildren(ParentRunner.java:236)
	at org.junit.runners.ParentRunner.access$000(ParentRunner.java:53)
	at org.junit.runners.ParentRunner$2.evaluate(ParentRunner.java:229)
	at org.junit.runners.ParentRunner.run(ParentRunner.java:309)
	at cucumber.runtime.junit.FeatureRunner.run(FeatureRunner.java:70)
	at cucumber.api.junit.Cucumber.runChild(Cucumber.java:82)
	at cucumber.api.junit.Cucumber.runChild(Cucumber.java:41)
	at org.junit.runners.ParentRunner$3.run(ParentRunner.java:238)
	at org.junit.runners.ParentRunner$1.schedule(ParentRunner.java:63)
	at org.junit.runners.ParentRunner.runChildren(ParentRunner.java:236)
	at org.junit.runners.ParentRunner.access$000(ParentRunner.java:53)
	at org.junit.runners.ParentRunner$2.evaluate(ParentRunner.java:229)
	at org.junit.internal.runners.statements.RunBefores.evaluate(RunBefores.java:26)
	at org.junit.internal.runners.statements.RunAfters.evaluate(RunAfters.java:27)
	at org.junit.runners.ParentRunner.run(ParentRunner.java:309)
	at cucumber.api.junit.Cucumber.run(Cucumber.java:87)
	at org.apache.maven.surefire.junit4.JUnit4Provider.execute(JUnit4Provider.java:252)
	at org.apache.maven.surefire.junit4.JUnit4Provider.executeTestSet(JUnit4Provider.java:141)
	at org.apache.maven.surefire.junit4.JUnit4Provider.invoke(JUnit4Provider.java:112)
	at sun.reflect.NativeMethodAccessorImpl.invoke0(Native Method)
	at sun.reflect.NativeMethodAccessorImpl.invoke(NativeMethodAccessorImpl.java:62)
	at sun.reflect.DelegatingMethodAccessorImpl.invoke(DelegatingMethodAccessorImpl.java:43)
	at java.lang.reflect.Method.invoke(Method.java:497)
	at org.apache.maven.surefire.util.ReflectionUtils.invokeMethodWithArray(ReflectionUtils.java:189)
	at org.apache.maven.surefire.booter.ProviderFactory$ProviderProxy.invoke(ProviderFactory.java:165)
	at org.apache.maven.surefire.booter.ProviderFactory.invokeProvider(ProviderFactory.java:85)
	at org.apache.maven.surefire.booter.ForkedBooter.runSuitesInProcess(ForkedBooter.java:115)
	at org.apache.maven.surefire.booter.ForkedBooter.main(ForkedBooter.java:75)
01/01/2016 12:30:43 : INFO  : com.ags.eiq.configuration.ConfigProperties : Fetching the value from the Configuration file with key 'testDataFilePath' and the result is './testdata/testdata.xls' 
01/01/2016 12:30:43 : INFO  : com.ags.eiq.utils.ExcelReader : Reading tests from sheet [Drilldown] 
01/01/2016 12:30:43 : INFO  : com.ags.eiq.utils.ExcelReader : Completed reading tests from sheet [Drilldown] 
01/01/2016 12:30:46 : INFO  : com.ags.eiq.configuration.ConfigProperties : Fetching the value from the Configuration file with key 'elementwaitime' and the result is '2000' 
01/01/2016 12:30:46 : INFO  : com.ags.eiq.fixtures.WaitActions : Executing command [waitForElementPresent] with timeout [2000], Element [lnk_Incidents] 
01/01/2016 12:30:46 : INFO  : com.ags.eiq.objectrepository.FetchOR : Fetched the identifier value with the object name 'lnk_Incidents' and the value is '//li[@id='incidentsalerts']/div/span[text()='Incidents']
			' 
01/01/2016 12:30:46 : ERROR : com.ags.eiq.objectrepository.ObjectFinder : Element [//li[@id='incidentsalerts']/div/span[text()='Incidents']
			]not found 
01/01/2016 12:30:46 : ERROR : com.ags.eiq.objectrepository.ObjectFinder : Element [//li[@id='incidentsalerts']/div/span[text()='Incidents']
			] Not Found! 
01/01/2016 12:30:48 : ERROR : com.ags.eiq.fixtures.WaitActions : Element [lnk_Incidents] not found after waiting for [2000ms]! 
01/01/2016 12:30:48 : ERROR : com.ags.eiq.fixtures.WaitActions : com.ags.eiq.exception.FrameworkException: Element [null] not found/displayed after waiting for [2000ms]! 
01/01/2016 12:30:48 : ERROR : com.ags.eiq.fixtures.WebActions : Element [lnk_Incidents] not found 
01/01/2016 12:30:48 : ERROR : com.ags.eiq.fixtures.WebActions : Exception:: 
com.ags.eiq.exception.FrameworkException: Element [lnk_Incidents] not found
	at com.ags.eiq.fixtures.WebActions.click(WebActions.java:69)
	at com.ags.eiq.pages.IncidentsFilterPage.clickIncidents(IncidentsFilterPage.java:73)
	at com.ags.eiq.stepdefinations.DrillDownFromIncidentsStepDefination.clickIncidentDateFilters(DrillDownFromIncidentsStepDefination.java:51)
	at sun.reflect.NativeMethodAccessorImpl.invoke0(Native Method)
	at sun.reflect.NativeMethodAccessorImpl.invoke(NativeMethodAccessorImpl.java:62)
	at sun.reflect.DelegatingMethodAccessorImpl.invoke(DelegatingMethodAccessorImpl.java:43)
	at java.lang.reflect.Method.invoke(Method.java:497)
	at cucumber.runtime.Utils$1.call(Utils.java:35)
	at cucumber.runtime.Timeout.timeout(Timeout.java:12)
	at cucumber.runtime.Utils.invoke(Utils.java:31)
	at cucumber.runtime.java.JavaStepDefinition.execute(JavaStepDefinition.java:35)
	at cucumber.runtime.StepDefinitionMatch.runStep(StepDefinitionMatch.java:38)
	at cucumber.runtime.Runtime.runStep(Runtime.java:289)
	at cucumber.runtime.model.StepContainer.runStep(StepContainer.java:44)
	at cucumber.runtime.model.StepContainer.runSteps(StepContainer.java:39)
	at cucumber.runtime.model.CucumberScenario.run(CucumberScenario.java:40)
	at cucumber.runtime.junit.ExecutionUnitRunner.run(ExecutionUnitRunner.java:83)
	at org.junit.runners.Suite.runChild(Suite.java:127)
	at org.junit.runners.Suite.runChild(Suite.java:26)
	at org.junit.runners.ParentRunner$3.run(ParentRunner.java:238)
	at org.junit.runners.ParentRunner$1.schedule(ParentRunner.java:63)
	at org.junit.runners.ParentRunner.runChildren(ParentRunner.java:236)
	at org.junit.runners.ParentRunner.access$000(ParentRunner.java:53)
	at org.junit.runners.ParentRunner$2.evaluate(ParentRunner.java:229)
	at org.junit.runners.ParentRunner.run(ParentRunner.java:309)
	at org.junit.runners.Suite.runChild(Suite.java:127)
	at org.junit.runners.Suite.runChild(Suite.java:26)
	at org.junit.runners.ParentRunner$3.run(ParentRunner.java:238)
	at org.junit.runners.ParentRunner$1.schedule(ParentRunner.java:63)
	at org.junit.runners.ParentRunner.runChildren(ParentRunner.java:236)
	at org.junit.runners.ParentRunner.access$000(ParentRunner.java:53)
	at org.junit.runners.ParentRunner$2.evaluate(ParentRunner.java:229)
	at org.junit.runners.ParentRunner.run(ParentRunner.java:309)
	at cucumber.runtime.junit.FeatureRunner.runChild(FeatureRunner.java:63)
	at cucumber.runtime.junit.FeatureRunner.runChild(FeatureRunner.java:18)
	at org.junit.runners.ParentRunner$3.run(ParentRunner.java:238)
	at org.junit.runners.ParentRunner$1.schedule(ParentRunner.java:63)
	at org.junit.runners.ParentRunner.runChildren(ParentRunner.java:236)
	at org.junit.runners.ParentRunner.access$000(ParentRunner.java:53)
	at org.junit.runners.ParentRunner$2.evaluate(ParentRunner.java:229)
	at org.junit.runners.ParentRunner.run(ParentRunner.java:309)
	at cucumber.runtime.junit.FeatureRunner.run(FeatureRunner.java:70)
	at cucumber.api.junit.Cucumber.runChild(Cucumber.java:82)
	at cucumber.api.junit.Cucumber.runChild(Cucumber.java:41)
	at org.junit.runners.ParentRunner$3.run(ParentRunner.java:238)
	at org.junit.runners.ParentRunner$1.schedule(ParentRunner.java:63)
	at org.junit.runners.ParentRunner.runChildren(ParentRunner.java:236)
	at org.junit.runners.ParentRunner.access$000(ParentRunner.java:53)
	at org.junit.runners.ParentRunner$2.evaluate(ParentRunner.java:229)
	at org.junit.internal.runners.statements.RunBefores.evaluate(RunBefores.java:26)
	at org.junit.internal.runners.statements.RunAfters.evaluate(RunAfters.java:27)
	at org.junit.runners.ParentRunner.run(ParentRunner.java:309)
	at cucumber.api.junit.Cucumber.run(Cucumber.java:87)
	at org.apache.maven.surefire.junit4.JUnit4Provider.execute(JUnit4Provider.java:252)
	at org.apache.maven.surefire.junit4.JUnit4Provider.executeTestSet(JUnit4Provider.java:141)
	at org.apache.maven.surefire.junit4.JUnit4Provider.invoke(JUnit4Provider.java:112)
	at sun.reflect.NativeMethodAccessorImpl.invoke0(Native Method)
	at sun.reflect.NativeMethodAccessorImpl.invoke(NativeMethodAccessorImpl.java:62)
	at sun.reflect.DelegatingMethodAccessorImpl.invoke(DelegatingMethodAccessorImpl.java:43)
	at java.lang.reflect.Method.invoke(Method.java:497)
	at org.apache.maven.surefire.util.ReflectionUtils.invokeMethodWithArray(ReflectionUtils.java:189)
	at org.apache.maven.surefire.booter.ProviderFactory$ProviderProxy.invoke(ProviderFactory.java:165)
	at org.apache.maven.surefire.booter.ProviderFactory.invokeProvider(ProviderFactory.java:85)
	at org.apache.maven.surefire.booter.ForkedBooter.runSuitesInProcess(ForkedBooter.java:115)
	at org.apache.maven.surefire.booter.ForkedBooter.main(ForkedBooter.java:75)
01/01/2016 12:30:48 : INFO  : com.ags.eiq.configuration.ConfigProperties : Fetching the value from the Configuration file with key 'testDataFilePath' and the result is './testdata/testdata.xls' 
01/01/2016 12:30:48 : INFO  : com.ags.eiq.utils.ExcelReader : Reading tests from sheet [Drilldown] 
01/01/2016 12:30:48 : INFO  : com.ags.eiq.utils.ExcelReader : Completed reading tests from sheet [Drilldown] 
01/01/2016 12:30:51 : INFO  : com.ags.eiq.configuration.ConfigProperties : Fetching the value from the Configuration file with key 'elementwaitime' and the result is '2000' 
01/01/2016 12:30:51 : INFO  : com.ags.eiq.fixtures.WaitActions : Executing command [waitForElementPresent] with timeout [2000], Element [lnk_Incidents] 
01/01/2016 12:30:51 : INFO  : com.ags.eiq.objectrepository.FetchOR : Fetched the identifier value with the object name 'lnk_Incidents' and the value is '//li[@id='incidentsalerts']/div/span[text()='Incidents']
			' 
01/01/2016 12:30:52 : ERROR : com.ags.eiq.objectrepository.ObjectFinder : Element [//li[@id='incidentsalerts']/div/span[text()='Incidents']
			]not found 
01/01/2016 12:30:52 : ERROR : com.ags.eiq.objectrepository.ObjectFinder : Element [//li[@id='incidentsalerts']/div/span[text()='Incidents']
			] Not Found! 
01/01/2016 12:30:53 : ERROR : com.ags.eiq.fixtures.WaitActions : Element [lnk_Incidents] not found after waiting for [2000ms]! 
01/01/2016 12:30:53 : ERROR : com.ags.eiq.fixtures.WaitActions : com.ags.eiq.exception.FrameworkException: Element [null] not found/displayed after waiting for [2000ms]! 
01/01/2016 12:30:53 : ERROR : com.ags.eiq.fixtures.WebActions : Element [lnk_Incidents] not found 
01/01/2016 12:30:53 : ERROR : com.ags.eiq.fixtures.WebActions : Exception:: 
com.ags.eiq.exception.FrameworkException: Element [lnk_Incidents] not found
	at com.ags.eiq.fixtures.WebActions.click(WebActions.java:69)
	at com.ags.eiq.pages.IncidentsFilterPage.clickIncidents(IncidentsFilterPage.java:73)
	at com.ags.eiq.stepdefinations.DrillDownFromIncidentsStepDefination.clickIncidentDateFilters(DrillDownFromIncidentsStepDefination.java:51)
	at sun.reflect.NativeMethodAccessorImpl.invoke0(Native Method)
	at sun.reflect.NativeMethodAccessorImpl.invoke(NativeMethodAccessorImpl.java:62)
	at sun.reflect.DelegatingMethodAccessorImpl.invoke(DelegatingMethodAccessorImpl.java:43)
	at java.lang.reflect.Method.invoke(Method.java:497)
	at cucumber.runtime.Utils$1.call(Utils.java:35)
	at cucumber.runtime.Timeout.timeout(Timeout.java:12)
	at cucumber.runtime.Utils.invoke(Utils.java:31)
	at cucumber.runtime.java.JavaStepDefinition.execute(JavaStepDefinition.java:35)
	at cucumber.runtime.StepDefinitionMatch.runStep(StepDefinitionMatch.java:38)
	at cucumber.runtime.Runtime.runStep(Runtime.java:289)
	at cucumber.runtime.model.StepContainer.runStep(StepContainer.java:44)
	at cucumber.runtime.model.StepContainer.runSteps(StepContainer.java:39)
	at cucumber.runtime.model.CucumberScenario.run(CucumberScenario.java:40)
	at cucumber.runtime.junit.ExecutionUnitRunner.run(ExecutionUnitRunner.java:83)
	at org.junit.runners.Suite.runChild(Suite.java:127)
	at org.junit.runners.Suite.runChild(Suite.java:26)
	at org.junit.runners.ParentRunner$3.run(ParentRunner.java:238)
	at org.junit.runners.ParentRunner$1.schedule(ParentRunner.java:63)
	at org.junit.runners.ParentRunner.runChildren(ParentRunner.java:236)
	at org.junit.runners.ParentRunner.access$000(ParentRunner.java:53)
	at org.junit.runners.ParentRunner$2.evaluate(ParentRunner.java:229)
	at org.junit.runners.ParentRunner.run(ParentRunner.java:309)
	at org.junit.runners.Suite.runChild(Suite.java:127)
	at org.junit.runners.Suite.runChild(Suite.java:26)
	at org.junit.runners.ParentRunner$3.run(ParentRunner.java:238)
	at org.junit.runners.ParentRunner$1.schedule(ParentRunner.java:63)
	at org.junit.runners.ParentRunner.runChildren(ParentRunner.java:236)
	at org.junit.runners.ParentRunner.access$000(ParentRunner.java:53)
	at org.junit.runners.ParentRunner$2.evaluate(ParentRunner.java:229)
	at org.junit.runners.ParentRunner.run(ParentRunner.java:309)
	at cucumber.runtime.junit.FeatureRunner.runChild(FeatureRunner.java:63)
	at cucumber.runtime.junit.FeatureRunner.runChild(FeatureRunner.java:18)
	at org.junit.runners.ParentRunner$3.run(ParentRunner.java:238)
	at org.junit.runners.ParentRunner$1.schedule(ParentRunner.java:63)
	at org.junit.runners.ParentRunner.runChildren(ParentRunner.java:236)
	at org.junit.runners.ParentRunner.access$000(ParentRunner.java:53)
	at org.junit.runners.ParentRunner$2.evaluate(ParentRunner.java:229)
	at org.junit.runners.ParentRunner.run(ParentRunner.java:309)
	at cucumber.runtime.junit.FeatureRunner.run(FeatureRunner.java:70)
	at cucumber.api.junit.Cucumber.runChild(Cucumber.java:82)
	at cucumber.api.junit.Cucumber.runChild(Cucumber.java:41)
	at org.junit.runners.ParentRunner$3.run(ParentRunner.java:238)
	at org.junit.runners.ParentRunner$1.schedule(ParentRunner.java:63)
	at org.junit.runners.ParentRunner.runChildren(ParentRunner.java:236)
	at org.junit.runners.ParentRunner.access$000(ParentRunner.java:53)
	at org.junit.runners.ParentRunner$2.evaluate(ParentRunner.java:229)
	at org.junit.internal.runners.statements.RunBefores.evaluate(RunBefores.java:26)
	at org.junit.internal.runners.statements.RunAfters.evaluate(RunAfters.java:27)
	at org.junit.runners.ParentRunner.run(ParentRunner.java:309)
	at cucumber.api.junit.Cucumber.run(Cucumber.java:87)
	at org.apache.maven.surefire.junit4.JUnit4Provider.execute(JUnit4Provider.java:252)
	at org.apache.maven.surefire.junit4.JUnit4Provider.executeTestSet(JUnit4Provider.java:141)
	at org.apache.maven.surefire.junit4.JUnit4Provider.invoke(JUnit4Provider.java:112)
	at sun.reflect.NativeMethodAccessorImpl.invoke0(Native Method)
	at sun.reflect.NativeMethodAccessorImpl.invoke(NativeMethodAccessorImpl.java:62)
	at sun.reflect.DelegatingMethodAccessorImpl.invoke(DelegatingMethodAccessorImpl.java:43)
	at java.lang.reflect.Method.invoke(Method.java:497)
	at org.apache.maven.surefire.util.ReflectionUtils.invokeMethodWithArray(ReflectionUtils.java:189)
	at org.apache.maven.surefire.booter.ProviderFactory$ProviderProxy.invoke(ProviderFactory.java:165)
	at org.apache.maven.surefire.booter.ProviderFactory.invokeProvider(ProviderFactory.java:85)
	at org.apache.maven.surefire.booter.ForkedBooter.runSuitesInProcess(ForkedBooter.java:115)
	at org.apache.maven.surefire.booter.ForkedBooter.main(ForkedBooter.java:75)
01/01/2016 12:30:53 : INFO  : com.ags.eiq.configuration.ConfigProperties : Fetching the value from the Configuration file with key 'testDataFilePath' and the result is './testdata/testdata.xls' 
01/01/2016 12:30:53 : INFO  : com.ags.eiq.utils.ExcelReader : Reading tests from sheet [Drilldown] 
01/01/2016 12:30:53 : INFO  : com.ags.eiq.utils.ExcelReader : Completed reading tests from sheet [Drilldown] 
01/01/2016 12:30:56 : INFO  : com.ags.eiq.configuration.ConfigProperties : Fetching the value from the Configuration file with key 'elementwaitime' and the result is '2000' 
01/01/2016 12:30:56 : INFO  : com.ags.eiq.fixtures.WaitActions : Executing command [waitForElementPresent] with timeout [2000], Element [lnk_Incidents] 
01/01/2016 12:30:56 : INFO  : com.ags.eiq.objectrepository.FetchOR : Fetched the identifier value with the object name 'lnk_Incidents' and the value is '//li[@id='incidentsalerts']/div/span[text()='Incidents']
			' 
01/01/2016 12:30:57 : ERROR : com.ags.eiq.objectrepository.ObjectFinder : Element [//li[@id='incidentsalerts']/div/span[text()='Incidents']
			]not found 
01/01/2016 12:30:57 : ERROR : com.ags.eiq.objectrepository.ObjectFinder : Element [//li[@id='incidentsalerts']/div/span[text()='Incidents']
			] Not Found! 
01/01/2016 12:30:58 : ERROR : com.ags.eiq.fixtures.WaitActions : Element [lnk_Incidents] not found after waiting for [2000ms]! 
01/01/2016 12:30:58 : ERROR : com.ags.eiq.fixtures.WaitActions : com.ags.eiq.exception.FrameworkException: Element [null] not found/displayed after waiting for [2000ms]! 
01/01/2016 12:30:58 : ERROR : com.ags.eiq.fixtures.WebActions : Element [lnk_Incidents] not found 
01/01/2016 12:30:58 : ERROR : com.ags.eiq.fixtures.WebActions : Exception:: 
com.ags.eiq.exception.FrameworkException: Element [lnk_Incidents] not found
	at com.ags.eiq.fixtures.WebActions.click(WebActions.java:69)
	at com.ags.eiq.pages.IncidentsFilterPage.clickIncidents(IncidentsFilterPage.java:73)
	at com.ags.eiq.stepdefinations.DrillDownFromIncidentsStepDefination.clickIncidentDateFilters(DrillDownFromIncidentsStepDefination.java:51)
	at sun.reflect.NativeMethodAccessorImpl.invoke0(Native Method)
	at sun.reflect.NativeMethodAccessorImpl.invoke(NativeMethodAccessorImpl.java:62)
	at sun.reflect.DelegatingMethodAccessorImpl.invoke(DelegatingMethodAccessorImpl.java:43)
	at java.lang.reflect.Method.invoke(Method.java:497)
	at cucumber.runtime.Utils$1.call(Utils.java:35)
	at cucumber.runtime.Timeout.timeout(Timeout.java:12)
	at cucumber.runtime.Utils.invoke(Utils.java:31)
	at cucumber.runtime.java.JavaStepDefinition.execute(JavaStepDefinition.java:35)
	at cucumber.runtime.StepDefinitionMatch.runStep(StepDefinitionMatch.java:38)
	at cucumber.runtime.Runtime.runStep(Runtime.java:289)
	at cucumber.runtime.model.StepContainer.runStep(StepContainer.java:44)
	at cucumber.runtime.model.StepContainer.runSteps(StepContainer.java:39)
	at cucumber.runtime.model.CucumberScenario.run(CucumberScenario.java:40)
	at cucumber.runtime.junit.ExecutionUnitRunner.run(ExecutionUnitRunner.java:83)
	at org.junit.runners.Suite.runChild(Suite.java:127)
	at org.junit.runners.Suite.runChild(Suite.java:26)
	at org.junit.runners.ParentRunner$3.run(ParentRunner.java:238)
	at org.junit.runners.ParentRunner$1.schedule(ParentRunner.java:63)
	at org.junit.runners.ParentRunner.runChildren(ParentRunner.java:236)
	at org.junit.runners.ParentRunner.access$000(ParentRunner.java:53)
	at org.junit.runners.ParentRunner$2.evaluate(ParentRunner.java:229)
	at org.junit.runners.ParentRunner.run(ParentRunner.java:309)
	at org.junit.runners.Suite.runChild(Suite.java:127)
	at org.junit.runners.Suite.runChild(Suite.java:26)
	at org.junit.runners.ParentRunner$3.run(ParentRunner.java:238)
	at org.junit.runners.ParentRunner$1.schedule(ParentRunner.java:63)
	at org.junit.runners.ParentRunner.runChildren(ParentRunner.java:236)
	at org.junit.runners.ParentRunner.access$000(ParentRunner.java:53)
	at org.junit.runners.ParentRunner$2.evaluate(ParentRunner.java:229)
	at org.junit.runners.ParentRunner.run(ParentRunner.java:309)
	at cucumber.runtime.junit.FeatureRunner.runChild(FeatureRunner.java:63)
	at cucumber.runtime.junit.FeatureRunner.runChild(FeatureRunner.java:18)
	at org.junit.runners.ParentRunner$3.run(ParentRunner.java:238)
	at org.junit.runners.ParentRunner$1.schedule(ParentRunner.java:63)
	at org.junit.runners.ParentRunner.runChildren(ParentRunner.java:236)
	at org.junit.runners.ParentRunner.access$000(ParentRunner.java:53)
	at org.junit.runners.ParentRunner$2.evaluate(ParentRunner.java:229)
	at org.junit.runners.ParentRunner.run(ParentRunner.java:309)
	at cucumber.runtime.junit.FeatureRunner.run(FeatureRunner.java:70)
	at cucumber.api.junit.Cucumber.runChild(Cucumber.java:82)
	at cucumber.api.junit.Cucumber.runChild(Cucumber.java:41)
	at org.junit.runners.ParentRunner$3.run(ParentRunner.java:238)
	at org.junit.runners.ParentRunner$1.schedule(ParentRunner.java:63)
	at org.junit.runners.ParentRunner.runChildren(ParentRunner.java:236)
	at org.junit.runners.ParentRunner.access$000(ParentRunner.java:53)
	at org.junit.runners.ParentRunner$2.evaluate(ParentRunner.java:229)
	at org.junit.internal.runners.statements.RunBefores.evaluate(RunBefores.java:26)
	at org.junit.internal.runners.statements.RunAfters.evaluate(RunAfters.java:27)
	at org.junit.runners.ParentRunner.run(ParentRunner.java:309)
	at cucumber.api.junit.Cucumber.run(Cucumber.java:87)
	at org.apache.maven.surefire.junit4.JUnit4Provider.execute(JUnit4Provider.java:252)
	at org.apache.maven.surefire.junit4.JUnit4Provider.executeTestSet(JUnit4Provider.java:141)
	at org.apache.maven.surefire.junit4.JUnit4Provider.invoke(JUnit4Provider.java:112)
	at sun.reflect.NativeMethodAccessorImpl.invoke0(Native Method)
	at sun.reflect.NativeMethodAccessorImpl.invoke(NativeMethodAccessorImpl.java:62)
	at sun.reflect.DelegatingMethodAccessorImpl.invoke(DelegatingMethodAccessorImpl.java:43)
	at java.lang.reflect.Method.invoke(Method.java:497)
	at org.apache.maven.surefire.util.ReflectionUtils.invokeMethodWithArray(ReflectionUtils.java:189)
	at org.apache.maven.surefire.booter.ProviderFactory$ProviderProxy.invoke(ProviderFactory.java:165)
	at org.apache.maven.surefire.booter.ProviderFactory.invokeProvider(ProviderFactory.java:85)
	at org.apache.maven.surefire.booter.ForkedBooter.runSuitesInProcess(ForkedBooter.java:115)
	at org.apache.maven.surefire.booter.ForkedBooter.main(ForkedBooter.java:75)
01/01/2016 12:30:58 : INFO  : com.ags.eiq.fixtures.BrowserActions : Clolsing the webdriver instance 
